<?xml version="1.0" encoding="UTF-8"?>
<!-- Generated by org.testng.reporters.JUnitXMLReporter -->
<testsuite hostname="NCS-110418GM03" ignored="0" name="Default test(failed)(failed)" tests="1" failures="1" timestamp="25 Aug 2018 08:05:17 GMT" time="0.001" errors="0">
  <testcase name="verifySkype" time="0.0" classname="testNGRunFailedTC.Test3">
    <failure type="java.lang.AssertionError" message="expected [true] but found [false]">
      <![CDATA[java.lang.AssertionError: expected [true] but found [false]
at testNGRunFailedTC.Test3.verifySkype(Test3.java:11)
at testNGRunFailedTC.RunFailedCasesExample.failedruns(RunFailedCasesExample.java:25)
... Removed 51 stack frames]]>
    </failure>
  </testcase> <!-- verifySkype -->
</testsuite> <!-- Default test(failed)(failed) -->
